2013-11-10 06:03:36.318;cgate.env;;New logger was registered: cgate.env.
2013-11-10 06:03:36.318;cgate.env;;Registered default p2 logger cgate.env.
2013-11-10 06:03:36.318;cgate.env;;New logger was registered: cgate.user.
2013-11-10 06:03:36.318;cgate.env;;Registered default p2 logger cgate.user.
2013-11-10 06:03:36.318;cgate.env;;New logger was registered: cgate.p2iniprovider.
2013-11-10 06:03:36.318;cgate.env;;Registered default p2 logger cgate.p2iniprovider.
2013-11-10 06:03:36.318;cgate.env;;Logger was unregistered: 0x7FBE500245E0.
2013-11-10 06:03:36.318;cgate.env;;Logger ref count after release: 0x0.
2013-11-10 06:03:36.318;p2mq-cli;;MQ library started.
2013-11-10 06:03:36.318;p2repl-cli;;Client replication library started
2013-11-10 06:03:36.318;cgate.env;;New conn impl registered: p2tcp.
2013-11-10 06:03:36.318;cgate.env;;New conn impl registered: p2lrpcq.
2013-11-10 06:03:36.318;cgate.env;;New listener impl registered: p2sys.
2013-11-10 06:03:36.318;cgate.env;;New publisher impl registered: p2sys.
2013-11-10 06:03:36.318;cgate.env;;New publisher impl registered: p2mq.
2013-11-10 06:03:36.318;cgate.env;;New listener impl registered: p2repl.
2013-11-10 06:03:36.318;cgate.env;;New listener impl registered: p2mqreply.
2013-11-10 06:03:36.318;cgate.env;;New listener impl registered: p2ordbook.
2013-11-10 06:03:36.318;cgate.env;;New conn impl registered: timer.
2013-11-10 06:03:36.319;cgate.env;;New listener impl registered: interval_timer.
2013-11-10 06:03:36.319;cgate.env;;New listener impl registered: cron_timer.
2013-11-10 06:03:36.319;cgate.user;;Cgate version: 1.3.4
2013-11-10 06:03:36.319;cgate.user;;OS version: Linux 3.11.0-12-generic #19-Ubuntu SMP Wed Oct 9 16:20:46 UTC 2013 x86_64
2013-11-10 06:03:36.319;cgate.user;;P2 version: 196.0.
2013-11-10 06:03:36.319;cgate.user;;Current work path: /home/dima/workspace/trading-plaza2/trading.app.adapter.plaza2
2013-11-10 06:03:36.319;cgate.user;;Cgate Java version: 1.3.4
2013-11-10 06:03:36.319;cgate.user;;cg_conn_new settings: p2tcp://127.0.0.1:4001;app_name=plaza2_client
2013-11-10 06:03:36.319;cgate.env;;New logger was registered: cgate.connection.p2.
2013-11-10 06:03:36.319;cgate.env;;Registered default p2 logger cgate.connection.p2.
2013-11-10 06:03:36.319;cgate.connection.p2;;init: connection init. Connection settings: p2tcp://127.0.0.1:4001;app_name=plaza2_client;name=noname1 @cee{name: , obj: 0x7FBE50025800, thread: 21691}
2013-11-10 06:03:36.319;cgate.env;;New connection was registered: noname1.
2013-11-10 06:03:36.319;cgate.env;;New logger was registered: cgate.listener.p2repl.
2013-11-10 06:03:36.319;cgate.env;;Registered default p2 logger cgate.listener.p2repl.
2013-11-10 06:03:36.319;cgate.env;;New logger was registered: scheme.
2013-11-10 06:03:36.319;cgate.env;;Registered default p2 logger scheme.
2013-11-10 06:03:36.319;cgate.listener.p2repl;;init: init listener. @cee{name: , obj: 0x7FBE50025D50, thread: 21691}
2013-11-10 06:03:36.319;p2repl-cli;;Stream created;stream 0x7FBE50026360
2013-11-10 06:03:36.319;cgate.env;;New listener was registered: noname2.
2013-11-10 06:03:36.319;cgate.connection.p2;;open: connection open. @cee{name: noname1, obj: 0x7FBE50025800, thread: 21691}
2013-11-10 06:03:36.320;p2mq-cli;;Connection 0x7FBE500269B0 connected; mq-conn 0x1; 'appName=plaza2_client;host=127.0.0.1;port=4001;timeout=2000;localTimeout=500;'
2013-11-10 06:03:36.320;cgate.connection.p2;;State changed CLOSED -> OPENING @cee{name: noname1, obj: 0x7FBE50025800, thread: 21691}
2013-11-10 06:03:36.320;cgate.connection.p2;;Checking certification for: 127.0.0.1:4001, key: 11111111 @cee{name: noname1, obj: 0x7FBE50025800, thread: 21691}
2013-11-10 06:03:36.320;cgate.connection.p2;;State changed OPENING -> ACTIVE @cee{name: noname1, obj: 0x7FBE50025800, thread: 21691}
2013-11-10 06:03:36.336;cgate.env;;New logger was registered: cgate.listener.p2mqreply.
2013-11-10 06:03:36.336;cgate.env;;Registered default p2 logger cgate.listener.p2mqreply.
2013-11-10 06:03:36.336;cgate.listener.p2mqreply;;init: init listener. @cee{name: , obj: 0x7FBE50029D00, thread: 21691}
2013-11-10 06:03:36.336;cgate.env;;New listener was registered: noname3.
2013-11-10 06:03:36.336;cgate.env;;New logger was registered: cgate.publisher.p2mq.
2013-11-10 06:03:36.336;cgate.env;;Registered default p2 logger cgate.publisher.p2mq.
2013-11-10 06:03:36.336;cgate.publisher.p2mq;;init: init publisher. @cee{name: , obj: 0x7FBE5002A040, thread: 21691}
2013-11-10 06:03:36.336;cgate.env;;New publisher was registered: certlistner_0x7fbe50025820.
2013-11-10 06:03:36.336;cgate.publisher.p2mq;;open: (null). @cee{name: certlistner_0x7fbe50025820, obj: 0x7FBE5002A040, thread: 21691}
2013-11-10 06:03:36.336;cgate.publisher.p2mq;;State changed CLOSED -> OPENING @cee{name: certlistner_0x7fbe50025820, obj: 0x7FBE5002A040, thread: 21691}
2013-11-10 06:03:36.336;cgate.publisher.p2mq;;open: settings scheme is noscheme. @cee{name: certlistner_0x7fbe50025820, obj: 0x7FBE5002A040, thread: 21691}
2013-11-10 06:03:36.355;cgate.publisher.p2mq;;State changed OPENING -> ACTIVE @cee{name: certlistner_0x7fbe50025820, obj: 0x7FBE5002A040, thread: 21691}
2013-11-10 06:03:36.355;cgate.listener.p2mqreply;;Open (null) @cee{name: noname3, obj: 0x7FBE50029D00, thread: 21691}
2013-11-10 06:03:36.355;cgate.listener.p2mqreply;;open: (null). @cee{name: noname3, obj: 0x7FBE50029D00, thread: 21691}
2013-11-10 06:03:36.355;cgate.publisher.p2mq;;addHandler: 0x0x7fbe50029db0. @cee{name: certlistner_0x7fbe50025820, obj: 0x7FBE5002A040, thread: 21691}
2013-11-10 06:03:36.355;cgate.listener.p2mqreply;;State changed CLOSED -> ACTIVE @cee{name: noname3, obj: 0x7FBE50029D00, thread: 21691}
2013-11-10 06:03:36.377;cgate.connection.p2;;Response from cert service was received. @cee{name: noname1, obj: 0x7FBE50025800, thread: 21691}
2013-11-10 06:03:36.377;cgate.connection.p2;;Connection was successfully verified: 127.0.0.1:4001 @cee{name: noname1, obj: 0x7FBE50025800, thread: 21691}
2013-11-10 06:03:36.378;cgate.listener.p2repl;;Open  @cee{name: noname2, obj: 0x7FBE50025D50, thread: 21691}
2013-11-10 06:03:36.378;cgate.listener.p2repl;;open: . @cee{name: noname2, obj: 0x7FBE50025D50, thread: 21691}
2013-11-10 06:03:36.378;cgate.connection.p2;;addStatusListener: added connection state listener 0x0x7fbe50025ef8. @cee{name: noname1, obj: 0x7FBE50025800, thread: 21691}
2013-11-10 06:03:36.378;cgate.listener.p2repl;;P2Connection stateChanged to 40002. @cee{name: noname2, obj: 0x7FBE50025D50, thread: 21691}
2013-11-10 06:03:36.378;cgate.listener.p2repl;;open: stream type + snapshot. @cee{name: noname2, obj: 0x7FBE50025D50, thread: 21691}
2013-11-10 06:03:36.378;cgate.listener.p2repl;;open: stream type + online. @cee{name: noname2, obj: 0x7FBE50025D50, thread: 21691}
2013-11-10 06:03:36.378;cgate.listener.p2repl;;open: blob is empty. @cee{name: noname2, obj: 0x7FBE50025D50, thread: 21691}
2013-11-10 06:03:36.379;cgate.listener.p2repl;;open: state changed to MODE_ONLINE. @cee{name: noname2, obj: 0x7FBE50025D50, thread: 21691}
2013-11-10 06:03:36.379;cgate.listener.p2repl;;open: settings scheme is empty. @cee{name: noname2, obj: 0x7FBE50025D50, thread: 21691}
2013-11-10 06:03:36.379;P2ReplStorage;;Basic policy created;stream 0x0,policy 0x7FBE50029740
2013-11-10 06:03:36.397;p2repl-cli;;Stream opening started;stream 0x7FBE50026360,type 1,name 'FORTS_FUTINFO_REPL',server_addr 'FINTER_FORTS3.inter_info'
2013-11-10 06:03:36.398;cgate.listener.p2repl;;State changed CLOSED -> OPENING @cee{name: noname2, obj: 0x7FBE50025D50, thread: 21691}
2013-11-10 06:03:36.439;p2repl-cli;;Stream opened;stream 0x7FBE50026360;channel 0xBD12919CAC6C
2013-11-10 06:03:36.440;cgate.listener.p2repl;;ReplCallback: stream opened. @cee{name: noname2, obj: 0x7FBE50025D50, thread: 21691}
2013-11-10 06:03:36.440;p2repl-cli;;Using server schema;stream 0x7FBE50026360
2013-11-10 06:03:36.440;p2repl-cli;;Desired schema is not equal to prev schema (lifenum ignored);stream 0x7FBE50026360
2013-11-10 06:03:36.440;p2repl-cli;;Current life numbers;stream 0x7FBE50026360;Name 'FORTS_FUTINFO_REPL';Client lifenumber 8075;Server lifenumber 8075
2013-11-10 06:03:36.441;p2repl-cli;;Scheme setting started;stream 0x7FBE50026360
2013-11-10 06:03:36.625;p2repl-cli;;Current schema differs from previous schema;stream 0x7FBE50026360
2013-11-10 06:03:36.625;p2repl-cli;;Scheme is set;stream 0x7FBE50026360;channel 0xBD12919CAC6C
2013-11-10 06:03:36.625;p2repl-cli;;Statistics module for table 'delivery_report' was successfully registered
2013-11-10 06:03:36.626;p2repl-cli;;Statistics module for table 'fut_rejected_orders' was successfully registered
2013-11-10 06:03:36.626;p2repl-cli;;Statistics module for table 'fut_intercl_info' was successfully registered
2013-11-10 06:03:36.626;p2repl-cli;;Statistics module for table 'fut_bond_registry' was successfully registered
2013-11-10 06:03:36.626;p2repl-cli;;Statistics module for table 'fut_bond_isin' was successfully registered
2013-11-10 06:03:36.626;p2repl-cli;;Statistics module for table 'fut_bond_nkd' was successfully registered
2013-11-10 06:03:36.626;p2repl-cli;;Statistics module for table 'fut_bond_nominal' was successfully registered
2013-11-10 06:03:36.626;p2repl-cli;;Statistics module for table 'fut_ts_cons' was successfully registered
2013-11-10 06:03:36.626;p2repl-cli;;Statistics module for table 'usd_online' was successfully registered
2013-11-10 06:03:36.626;p2repl-cli;;Statistics module for table 'fut_vcb' was successfully registered
2013-11-10 06:03:36.626;p2repl-cli;;Statistics module for table 'session' was successfully registered
2013-11-10 06:03:36.626;p2repl-cli;;Statistics module for table 'multileg_dict' was successfully registered
2013-11-10 06:03:36.626;p2repl-cli;;Statistics module for table 'trade_modes' was successfully registered
2013-11-10 06:03:36.626;p2repl-cli;;Statistics module for table 'fut_sess_contents' was successfully registered
2013-11-10 06:03:36.626;p2repl-cli;;Statistics module for table 'fut_instruments' was successfully registered
2013-11-10 06:03:36.626;p2repl-cli;;Statistics module for table 'diler' was successfully registered
2013-11-10 06:03:36.626;p2repl-cli;;Statistics module for table 'investr' was successfully registered
2013-11-10 06:03:36.627;p2repl-cli;;Statistics module for table 'fut_sess_settl' was successfully registered
2013-11-10 06:03:36.627;p2repl-cli;;Statistics module for table 'sys_messages' was successfully registered
2013-11-10 06:03:36.627;p2repl-cli;;Statistics module for table 'trf_accounts' was successfully registered
2013-11-10 06:03:36.627;p2repl-cli;;Statistics module for table 'money_transfers' was successfully registered
2013-11-10 06:03:36.627;p2repl-cli;;Statistics module for table 'trf_accounts_map' was successfully registered
2013-11-10 06:03:36.627;p2repl-cli;;Statistics module for table 'RF' was successfully registered
2013-11-10 06:03:36.627;p2repl-cli;;Statistics module for table 'prohibition' was successfully registered
2013-11-10 06:03:36.627;p2repl-cli;;Statistics module for table 'rates' was successfully registered
2013-11-10 06:03:36.627;p2repl-cli;;Statistics module for table 'sys_events' was successfully registered
2013-11-10 06:03:36.627;p2repl-cli;;Statistics was registered;stream name FORTS_FUTINFO_REPL
2013-11-10 06:03:36.627;cgate.listener.p2repl;;ReplCallback: scheme is set. @cee{name: noname2, obj: 0x7FBE50025D50, thread: 21691}
2013-11-10 06:03:36.627;cgate.listener.p2repl;;initRevisionsMap: init revisions map. @cee{name: noname2, obj: 0x7FBE50025D50, thread: 21691}
2013-11-10 06:03:36.630;cgate.env;;Logger was unregistered: 0x7FBE50025BC0.
2013-11-10 06:03:36.630;cgate.env;;Logger ref count after release: 0x3.
2013-11-10 06:03:36.645;cgate.listener.p2repl;;State changed OPENING -> ACTIVE @cee{name: noname2, obj: 0x7FBE50025D50, thread: 21691}
2013-11-10 06:03:36.645;P2ReplStorage;;Revs were inited; stream 0x7FBE50026360; cnt 26
2013-11-10 06:03:36.645;P2ReplStorage;;	tbl_idx 0; cur_rev 0
2013-11-10 06:03:36.645;P2ReplStorage;;	tbl_idx 1; cur_rev 0
2013-11-10 06:03:36.645;P2ReplStorage;;	tbl_idx 2; cur_rev 0
2013-11-10 06:03:36.645;P2ReplStorage;;	tbl_idx 3; cur_rev 0
2013-11-10 06:03:36.645;P2ReplStorage;;	tbl_idx 4; cur_rev 0
2013-11-10 06:03:36.645;P2ReplStorage;;	tbl_idx 5; cur_rev 0
2013-11-10 06:03:36.645;P2ReplStorage;;	tbl_idx 6; cur_rev 0
2013-11-10 06:03:36.645;P2ReplStorage;;	tbl_idx 7; cur_rev 0
2013-11-10 06:03:36.645;P2ReplStorage;;	tbl_idx 8; cur_rev 0
2013-11-10 06:03:36.645;P2ReplStorage;;	tbl_idx 9; cur_rev 0
2013-11-10 06:03:36.645;P2ReplStorage;;	tbl_idx 10; cur_rev 0
2013-11-10 06:03:36.645;P2ReplStorage;;	tbl_idx 11; cur_rev 0
2013-11-10 06:03:36.645;P2ReplStorage;;	tbl_idx 12; cur_rev 0
2013-11-10 06:03:36.645;P2ReplStorage;;	tbl_idx 13; cur_rev 0
2013-11-10 06:03:36.645;P2ReplStorage;;	tbl_idx 14; cur_rev 0
2013-11-10 06:03:36.645;P2ReplStorage;;	tbl_idx 15; cur_rev 0
2013-11-10 06:03:36.645;P2ReplStorage;;	tbl_idx 16; cur_rev 0
2013-11-10 06:03:36.645;P2ReplStorage;;	tbl_idx 17; cur_rev 0
2013-11-10 06:03:36.645;P2ReplStorage;;	tbl_idx 18; cur_rev 0
2013-11-10 06:03:36.645;P2ReplStorage;;	tbl_idx 19; cur_rev 0
2013-11-10 06:03:36.645;P2ReplStorage;;	tbl_idx 20; cur_rev 0
2013-11-10 06:03:36.645;P2ReplStorage;;	tbl_idx 21; cur_rev 0
2013-11-10 06:03:36.645;P2ReplStorage;;	tbl_idx 22; cur_rev 0
2013-11-10 06:03:36.645;P2ReplStorage;;	tbl_idx 23; cur_rev 0
2013-11-10 06:03:36.645;P2ReplStorage;;	tbl_idx 24; cur_rev 0
2013-11-10 06:03:36.645;P2ReplStorage;;	tbl_idx 25; cur_rev 0
2013-11-10 06:03:36.645;P2ReplStorage;;Send revs; stream 0x7FBE50026360; cnt 26
2013-11-10 06:03:36.645;P2ReplStorage;;	tbl_idx 0; cur_rev 0
2013-11-10 06:03:36.645;P2ReplStorage;;	tbl_idx 1; cur_rev 0
2013-11-10 06:03:36.645;P2ReplStorage;;	tbl_idx 2; cur_rev 0
2013-11-10 06:03:36.645;P2ReplStorage;;	tbl_idx 3; cur_rev 0
2013-11-10 06:03:36.645;P2ReplStorage;;	tbl_idx 4; cur_rev 0
2013-11-10 06:03:36.645;P2ReplStorage;;	tbl_idx 5; cur_rev 0
2013-11-10 06:03:36.645;P2ReplStorage;;	tbl_idx 6; cur_rev 0
2013-11-10 06:03:36.645;P2ReplStorage;;	tbl_idx 7; cur_rev 0
2013-11-10 06:03:36.645;P2ReplStorage;;	tbl_idx 8; cur_rev 0
2013-11-10 06:03:36.645;P2ReplStorage;;	tbl_idx 9; cur_rev 0
2013-11-10 06:03:36.645;P2ReplStorage;;	tbl_idx 10; cur_rev 0
2013-11-10 06:03:36.645;P2ReplStorage;;	tbl_idx 11; cur_rev 0
2013-11-10 06:03:36.645;P2ReplStorage;;	tbl_idx 12; cur_rev 0
2013-11-10 06:03:36.645;P2ReplStorage;;	tbl_idx 13; cur_rev 0
2013-11-10 06:03:36.645;P2ReplStorage;;	tbl_idx 14; cur_rev 0
2013-11-10 06:03:36.645;P2ReplStorage;;	tbl_idx 15; cur_rev 0
2013-11-10 06:03:36.645;P2ReplStorage;;	tbl_idx 16; cur_rev 0
2013-11-10 06:03:36.645;P2ReplStorage;;	tbl_idx 17; cur_rev 0
2013-11-10 06:03:36.645;P2ReplStorage;;	tbl_idx 18; cur_rev 0
2013-11-10 06:03:36.645;P2ReplStorage;;	tbl_idx 19; cur_rev 0
2013-11-10 06:03:36.645;P2ReplStorage;;	tbl_idx 20; cur_rev 0
2013-11-10 06:03:36.645;P2ReplStorage;;	tbl_idx 21; cur_rev 0
2013-11-10 06:03:36.645;P2ReplStorage;;	tbl_idx 22; cur_rev 0
2013-11-10 06:03:36.645;P2ReplStorage;;	tbl_idx 23; cur_rev 0
2013-11-10 06:03:36.645;P2ReplStorage;;	tbl_idx 24; cur_rev 0
2013-11-10 06:03:36.645;P2ReplStorage;;	tbl_idx 25; cur_rev 0
2013-11-10 06:03:36.646;p2repl-cli;;Data requested;stream 0x7FBE50026360;channel 0xBD12919CAC6C;session 0
2013-11-10 06:03:36.676;p2repl-cli;;CLEAR_DELETED message received;stream 0x7FBE50026360
2013-11-10 06:03:36.676;P2ReplStorage;;Revs adjustment due to CLEAR_DELETED; stream 0x7FBE50026360; cnt 26
2013-11-10 06:03:36.676;P2ReplStorage;;	tbl_idx 0; cur_rev 0
2013-11-10 06:03:36.676;P2ReplStorage;;Revs adjustment due to CLEAR_DELETED; stream 0x7FBE50026360; cnt 26
2013-11-10 06:03:36.676;P2ReplStorage;;	tbl_idx 1; cur_rev 0
2013-11-10 06:03:36.676;P2ReplStorage;;Revs adjustment due to CLEAR_DELETED; stream 0x7FBE50026360; cnt 26
2013-11-10 06:03:36.676;P2ReplStorage;;	tbl_idx 2; cur_rev 0
2013-11-10 06:03:36.676;P2ReplStorage;;Revs adjustment due to CLEAR_DELETED; stream 0x7FBE50026360; cnt 26
2013-11-10 06:03:36.677;P2ReplStorage;;	tbl_idx 3; cur_rev 0
2013-11-10 06:03:36.677;P2ReplStorage;;Revs adjustment due to CLEAR_DELETED; stream 0x7FBE50026360; cnt 26
2013-11-10 06:03:36.677;P2ReplStorage;;	tbl_idx 4; cur_rev 0
2013-11-10 06:03:36.677;P2ReplStorage;;Revs adjustment due to CLEAR_DELETED; stream 0x7FBE50026360; cnt 26
2013-11-10 06:03:36.677;P2ReplStorage;;	tbl_idx 5; cur_rev 0
2013-11-10 06:03:36.677;P2ReplStorage;;Revs adjustment due to CLEAR_DELETED; stream 0x7FBE50026360; cnt 26
2013-11-10 06:03:36.677;P2ReplStorage;;	tbl_idx 6; cur_rev 0
2013-11-10 06:03:36.677;P2ReplStorage;;Revs adjustment due to CLEAR_DELETED; stream 0x7FBE50026360; cnt 26
2013-11-10 06:03:36.677;P2ReplStorage;;	tbl_idx 7; cur_rev 0
2013-11-10 06:03:36.677;P2ReplStorage;;Revs adjustment due to CLEAR_DELETED; stream 0x7FBE50026360; cnt 26
2013-11-10 06:03:36.677;P2ReplStorage;;	tbl_idx 8; cur_rev 0
2013-11-10 06:03:36.677;P2ReplStorage;;Revs adjustment due to CLEAR_DELETED; stream 0x7FBE50026360; cnt 26
2013-11-10 06:03:36.677;P2ReplStorage;;	tbl_idx 9; cur_rev 0
2013-11-10 06:03:36.677;P2ReplStorage;;Revs adjustment due to CLEAR_DELETED; stream 0x7FBE50026360; cnt 26
2013-11-10 06:03:36.677;P2ReplStorage;;	tbl_idx 10; cur_rev 0
2013-11-10 06:03:36.677;P2ReplStorage;;Revs adjustment due to CLEAR_DELETED; stream 0x7FBE50026360; cnt 26
2013-11-10 06:03:36.677;P2ReplStorage;;	tbl_idx 11; cur_rev 0
2013-11-10 06:03:36.677;P2ReplStorage;;Revs adjustment due to CLEAR_DELETED; stream 0x7FBE50026360; cnt 26
2013-11-10 06:03:36.677;P2ReplStorage;;	tbl_idx 12; cur_rev 0
2013-11-10 06:03:36.677;P2ReplStorage;;Revs adjustment due to CLEAR_DELETED; stream 0x7FBE50026360; cnt 26
2013-11-10 06:03:36.677;P2ReplStorage;;	tbl_idx 13; cur_rev 0
2013-11-10 06:03:36.677;P2ReplStorage;;Revs adjustment due to CLEAR_DELETED; stream 0x7FBE50026360; cnt 26
2013-11-10 06:03:36.677;P2ReplStorage;;	tbl_idx 14; cur_rev 0
2013-11-10 06:03:36.677;P2ReplStorage;;Revs adjustment due to CLEAR_DELETED; stream 0x7FBE50026360; cnt 26
2013-11-10 06:03:36.677;P2ReplStorage;;	tbl_idx 15; cur_rev 0
2013-11-10 06:03:36.677;P2ReplStorage;;Revs adjustment due to CLEAR_DELETED; stream 0x7FBE50026360; cnt 26
2013-11-10 06:03:36.677;P2ReplStorage;;	tbl_idx 16; cur_rev 0
2013-11-10 06:03:36.677;P2ReplStorage;;Revs adjustment due to CLEAR_DELETED; stream 0x7FBE50026360; cnt 26
2013-11-10 06:03:36.677;P2ReplStorage;;	tbl_idx 17; cur_rev 0
2013-11-10 06:03:36.677;P2ReplStorage;;Revs adjustment due to CLEAR_DELETED; stream 0x7FBE50026360; cnt 26
2013-11-10 06:03:36.677;P2ReplStorage;;	tbl_idx 18; cur_rev 0
2013-11-10 06:03:36.677;P2ReplStorage;;Revs adjustment due to CLEAR_DELETED; stream 0x7FBE50026360; cnt 26
2013-11-10 06:03:36.677;P2ReplStorage;;	tbl_idx 19; cur_rev 0
2013-11-10 06:03:36.677;P2ReplStorage;;Revs adjustment due to CLEAR_DELETED; stream 0x7FBE50026360; cnt 26
2013-11-10 06:03:36.677;P2ReplStorage;;	tbl_idx 20; cur_rev 0
2013-11-10 06:03:36.677;P2ReplStorage;;Revs adjustment due to CLEAR_DELETED; stream 0x7FBE50026360; cnt 26
2013-11-10 06:03:36.677;P2ReplStorage;;	tbl_idx 21; cur_rev 0
2013-11-10 06:03:36.677;P2ReplStorage;;Revs adjustment due to CLEAR_DELETED; stream 0x7FBE50026360; cnt 26
2013-11-10 06:03:36.677;P2ReplStorage;;	tbl_idx 22; cur_rev 0
2013-11-10 06:03:36.677;P2ReplStorage;;Revs adjustment due to CLEAR_DELETED; stream 0x7FBE50026360; cnt 26
2013-11-10 06:03:36.677;P2ReplStorage;;	tbl_idx 23; cur_rev 0
2013-11-10 06:03:36.677;P2ReplStorage;;Revs adjustment due to CLEAR_DELETED; stream 0x7FBE50026360; cnt 26
2013-11-10 06:03:36.677;P2ReplStorage;;	tbl_idx 24; cur_rev 0
2013-11-10 06:03:36.677;P2ReplStorage;;Revs adjustment due to CLEAR_DELETED; stream 0x7FBE50026360; cnt 26
2013-11-10 06:03:36.677;P2ReplStorage;;	tbl_idx 25; cur_rev 0
2013-11-10 06:03:36.677;cgate.listener.p2repl;;ReplCallback: clear deleted. @cee{name: noname2, obj: 0x7FBE50025D50, thread: 21691}
2013-11-10 06:03:37.216;p2repl-cli;;DATA message received;stream 0x7FBE50026360
2013-11-10 06:03:37.249;P2ReplStorage;;Changed revs at commit; stream 0x7FBE50026360; cnt 26
2013-11-10 06:03:37.250;P2ReplStorage;;	tbl_idx 1; rev range 0 - 48
2013-11-10 06:03:37.250;P2ReplStorage;;	tbl_idx 2; rev range 0 - 136687
2013-11-10 06:03:37.250;P2ReplStorage;;	tbl_idx 3; rev range 0 - 4088
2013-11-10 06:03:37.250;P2ReplStorage;;	tbl_idx 4; rev range 0 - 5590
2013-11-10 06:03:37.250;P2ReplStorage;;	tbl_idx 5; rev range 0 - 63802
2013-11-10 06:03:37.250;P2ReplStorage;;	tbl_idx 6; rev range 0 - 4358
2013-11-10 06:03:37.250;P2ReplStorage;;	tbl_idx 7; rev range 0 - 262
2013-11-10 06:03:37.250;P2ReplStorage;;	tbl_idx 8; rev range 0 - 1004461
2013-11-10 06:03:37.250;P2ReplStorage;;	tbl_idx 9; rev range 0 - 2946821
2013-11-10 06:03:37.250;P2ReplStorage;;	tbl_idx 10; rev range 0 - 305
2013-11-10 06:03:37.250;P2ReplStorage;;	tbl_idx 11; rev range 0 - 49752
2013-11-10 06:03:37.250;P2ReplStorage;;	tbl_idx 12; rev range 0 - 751
2013-11-10 06:03:37.250;P2ReplStorage;;	tbl_idx 13; rev range 0 - 39732
2013-11-10 06:03:37.270;p2repl-cli;;DATA message received;stream 0x7FBE50026360
2013-11-10 06:03:37.312;P2ReplStorage;;Changed revs at commit; stream 0x7FBE50026360; cnt 26
2013-11-10 06:03:37.312;P2ReplStorage;;	tbl_idx 13; rev range 39733 - 39820
2013-11-10 06:03:37.312;P2ReplStorage;;	tbl_idx 14; rev range 0 - 13743
2013-11-10 06:03:37.312;P2ReplStorage;;	tbl_idx 15; rev range 0 - 45251
2013-11-10 06:03:37.345;p2repl-cli;;DATA message received;stream 0x7FBE50026360
2013-11-10 06:03:37.349;P2ReplStorage;;Changed revs at commit; stream 0x7FBE50026360; cnt 26
2013-11-10 06:03:37.350;P2ReplStorage;;	tbl_idx 15; rev range 45252 - 45382
2013-11-10 06:03:37.350;P2ReplStorage;;	tbl_idx 16; rev range 0 - 1977356
2013-11-10 06:03:37.350;P2ReplStorage;;	tbl_idx 17; rev range 0 - 4590
2013-11-10 06:03:37.350;P2ReplStorage;;	tbl_idx 18; rev range 0 - 150
2013-11-10 06:03:37.350;P2ReplStorage;;	tbl_idx 19; rev range 0 - 42935
2013-11-10 06:03:37.350;P2ReplStorage;;	tbl_idx 20; rev range 0 - 80
2013-11-10 06:03:37.350;P2ReplStorage;;	tbl_idx 22; rev range 0 - 15603
2013-11-10 06:03:37.350;P2ReplStorage;;	tbl_idx 23; rev range 0 - 757347
2013-11-10 06:03:37.350;P2ReplStorage;;	tbl_idx 24; rev range 0 - 496
2013-11-10 06:03:37.350;P2ReplStorage;;	tbl_idx 25; rev range 0 - 341
2013-11-10 06:03:37.350;p2repl-cli;;Stream is on-line;stream 0x7FBE50026360
2013-11-10 06:03:37.350;cgate.listener.p2repl;;ReplCallback: online. @cee{name: noname2, obj: 0x7FBE50025D50, thread: 21691}
2013-11-10 06:04:05.281;cgate.listener.p2repl;;Close @cee{name: noname2, obj: 0x7FBE50025D50, thread: 21691}
2013-11-10 06:04:05.281;cgate.listener.p2repl;;Post close messages (repl) @cee{name: noname2, obj: 0x7FBE50025D50, thread: 21691}
2013-11-10 06:04:05.281;cgate.listener.p2repl;;sendCloseMessages: send close message. @cee{name: noname2, obj: 0x7FBE50025D50, thread: 21691}
2013-11-10 06:04:05.288;cgate.listener.p2repl;;Post close messages (parent) @cee{name: noname2, obj: 0x7FBE50025D50, thread: 21691}
2013-11-10 06:04:05.288;cgate.listener.p2repl;;close. @cee{name: noname2, obj: 0x7FBE50025D50, thread: 21691}
2013-11-10 06:04:05.288;cgate.connection.p2;;removeListener: removed connection state listener 0x0x7fbe50025ef8. @cee{name: noname1, obj: 0x7FBE50025800, thread: 21691}
2013-11-10 06:04:05.288;p2repl-cli;;CLOSE message posted;stream 0x7FBE50026360
2013-11-10 06:04:05.289;P2ReplStorage;;Basic policy deleted;stream 0x7FBE50026360,policy 0x7FBE50029740
2013-11-10 06:04:05.289;p2repl-cli;;Statistics module was unregistered, module name Datastream@ReplClient
2013-11-10 06:04:05.289;p2repl-cli;;Statistics module was unregistered, module name Table@Datastream
2013-11-10 06:04:05.289;p2repl-cli;;Statistics module was unregistered, module name Table@Datastream
2013-11-10 06:04:05.289;p2repl-cli;;Statistics module was unregistered, module name Table@Datastream
2013-11-10 06:04:05.289;p2repl-cli;;Statistics module was unregistered, module name Table@Datastream
2013-11-10 06:04:05.289;p2repl-cli;;Statistics module was unregistered, module name Table@Datastream
2013-11-10 06:04:05.289;p2repl-cli;;Statistics module was unregistered, module name Table@Datastream
2013-11-10 06:04:05.289;p2repl-cli;;Statistics module was unregistered, module name Table@Datastream
2013-11-10 06:04:05.289;p2repl-cli;;Statistics module was unregistered, module name Table@Datastream
2013-11-10 06:04:05.289;p2repl-cli;;Statistics module was unregistered, module name Table@Datastream
2013-11-10 06:04:05.289;p2repl-cli;;Statistics module was unregistered, module name Table@Datastream
2013-11-10 06:04:05.289;p2repl-cli;;Statistics module was unregistered, module name Table@Datastream
2013-11-10 06:04:05.289;p2repl-cli;;Statistics module was unregistered, module name Table@Datastream
2013-11-10 06:04:05.289;p2repl-cli;;Statistics module was unregistered, module name Table@Datastream
2013-11-10 06:04:05.289;p2repl-cli;;Statistics module was unregistered, module name Table@Datastream
2013-11-10 06:04:05.289;p2repl-cli;;Statistics module was unregistered, module name Table@Datastream
2013-11-10 06:04:05.289;p2repl-cli;;Statistics module was unregistered, module name Table@Datastream
2013-11-10 06:04:05.289;p2repl-cli;;Statistics module was unregistered, module name Table@Datastream
2013-11-10 06:04:05.289;p2repl-cli;;Statistics module was unregistered, module name Table@Datastream
2013-11-10 06:04:05.289;p2repl-cli;;Statistics module was unregistered, module name Table@Datastream
2013-11-10 06:04:05.289;p2repl-cli;;Statistics module was unregistered, module name Table@Datastream
2013-11-10 06:04:05.289;p2repl-cli;;Statistics module was unregistered, module name Table@Datastream
2013-11-10 06:04:05.289;p2repl-cli;;Statistics module was unregistered, module name Table@Datastream
2013-11-10 06:04:05.289;p2repl-cli;;Statistics module was unregistered, module name Table@Datastream
2013-11-10 06:04:05.289;p2repl-cli;;Statistics module was unregistered, module name Table@Datastream
2013-11-10 06:04:05.289;p2repl-cli;;Statistics module was unregistered, module name Table@Datastream
2013-11-10 06:04:05.289;p2repl-cli;;Statistics module was unregistered, module name Table@Datastream
2013-11-10 06:04:05.290;cgate.listener.p2repl;;State changed ACTIVE -> CLOSED @cee{name: noname2, obj: 0x7FBE50025D50, thread: 21691}
2013-11-10 06:04:05.290;cgate.listener.p2repl;;Done @cee{name: noname2, obj: 0x7FBE50025D50, thread: 21691}
2013-11-10 06:04:05.290;cgate.env;;Logger was unregistered: 0x7FBE50025BC0.
2013-11-10 06:04:05.290;cgate.env;;Logger ref count after release: 0x2.
2013-11-10 06:04:05.290;cgate.env;;Logger was unregistered: 0x7FBE50024190.
2013-11-10 06:04:05.290;cgate.env;;Logger ref count after release: 0x0.
2013-11-10 06:04:05.290;cgate.env;;Listener was unregistered: 0x7FBE50025D70.
2013-11-10 06:04:05.290;cgate.connection.p2;;Close @cee{name: noname1, obj: 0x7FBE50025800, thread: 21691}
2013-11-10 06:04:05.290;p2mq-cli;;Connection disconnected; mq-conn 0x1
2013-11-10 06:04:05.291;cgate.publisher.p2mq;;done: done publisher. @cee{name: certlistner_0x7fbe50025820, obj: 0x7FBE5002A040, thread: 21691}
2013-11-10 06:04:05.291;cgate.publisher.p2mq;;close. @cee{name: certlistner_0x7fbe50025820, obj: 0x7FBE5002A040, thread: 21691}
2013-11-10 06:04:05.291;cgate.publisher.p2mq;;close: notify listeners publisher is closing. @cee{name: certlistner_0x7fbe50025820, obj: 0x7FBE5002A040, thread: 21691}
2013-11-10 06:04:05.291;cgate.publisher.p2mq;;State changed ACTIVE -> CLOSED @cee{name: certlistner_0x7fbe50025820, obj: 0x7FBE5002A040, thread: 21691}
2013-11-10 06:04:05.291;cgate.env;;Logger was unregistered: 0x7FBE50025BC0.
2013-11-10 06:04:05.291;cgate.env;;Logger ref count after release: 0x1.
2013-11-10 06:04:05.291;cgate.env;;Logger was unregistered: 0x7FBE5002A310.
2013-11-10 06:04:05.291;cgate.env;;Logger ref count after release: 0x0.
2013-11-10 06:04:05.291;cgate.env;;Publisher was unregistered: 0x7FBE5002A060.
2013-11-10 06:04:05.291;cgate.listener.p2mqreply;;Done @cee{name: noname3, obj: 0x7FBE50029D00, thread: 21691}
2013-11-10 06:04:05.291;cgate.listener.p2mqreply;;Close @cee{name: noname3, obj: 0x7FBE50029D00, thread: 21691}
2013-11-10 06:04:05.291;cgate.listener.p2mqreply;;Post close messages (parent) @cee{name: noname3, obj: 0x7FBE50029D00, thread: 21691}
2013-11-10 06:04:05.291;cgate.listener.p2mqreply;;close. @cee{name: noname3, obj: 0x7FBE50029D00, thread: 21691}
2013-11-10 06:04:05.291;cgate.listener.p2mqreply;;State changed ACTIVE -> CLOSED @cee{name: noname3, obj: 0x7FBE50029D00, thread: 21691}
2013-11-10 06:04:05.291;cgate.listener.p2mqreply;;done: done listener. @cee{name: noname3, obj: 0x7FBE50029D00, thread: 21691}
2013-11-10 06:04:05.292;cgate.env;;Logger was unregistered: 0x7FBE50025BC0.
2013-11-10 06:04:05.292;cgate.env;;Logger ref count after release: 0x0.
2013-11-10 06:04:05.292;cgate.env;;Logger was unregistered: 0x7FBE50029C60.
2013-11-10 06:04:05.292;cgate.env;;Logger ref count after release: 0x0.
2013-11-10 06:04:05.292;cgate.env;;Listener was unregistered: 0x7FBE50029D20.
2013-11-10 06:04:05.292;cgate.connection.p2;;State changed ACTIVE -> CLOSED @cee{name: noname1, obj: 0x7FBE50025800, thread: 21691}
2013-11-10 06:04:05.292;cgate.connection.p2;;done: connection done. @cee{name: noname1, obj: 0x7FBE50025800, thread: 21691}
2013-11-10 06:04:05.292;cgate.connection.p2;;Close @cee{name: noname1, obj: 0x7FBE50025800, thread: 21691}
2013-11-10 06:04:05.292;cgate.env;;Logger was unregistered: 0x7FBE50024120.
2013-11-10 06:04:05.292;cgate.env;;Logger ref count after release: 0x0.
2013-11-10 06:04:05.292;cgate.env;;Connection was unregistered: 0x7FBE50025820.
2013-11-10 06:04:05.293;p2repl-cli;;Client replication library stopped
2013-11-10 06:04:05.293;p2mq-cli;;MQ library stopped
