2013-11-09 11:33:48.456;cgate.env;;New logger was registered: cgate.env.
2013-11-09 11:33:48.456;cgate.env;;Registered default p2 logger cgate.env.
2013-11-09 11:33:48.456;cgate.env;;New logger was registered: cgate.user.
2013-11-09 11:33:48.456;cgate.env;;Registered default p2 logger cgate.user.
2013-11-09 11:33:48.456;cgate.env;;New logger was registered: cgate.p2iniprovider.
2013-11-09 11:33:48.456;cgate.env;;Registered default p2 logger cgate.p2iniprovider.
2013-11-09 11:33:48.456;cgate.env;;Logger was unregistered: 0x7FBA00126CD0.
2013-11-09 11:33:48.456;cgate.env;;Logger ref count after release: 0x0.
2013-11-09 11:33:48.456;p2mq-cli;;MQ library started.
2013-11-09 11:33:48.456;p2repl-cli;;Client replication library started
2013-11-09 11:33:48.456;cgate.env;;New conn impl registered: p2tcp.
2013-11-09 11:33:48.456;cgate.env;;New conn impl registered: p2lrpcq.
2013-11-09 11:33:48.457;cgate.env;;New listener impl registered: p2sys.
2013-11-09 11:33:48.457;cgate.env;;New publisher impl registered: p2sys.
2013-11-09 11:33:48.457;cgate.env;;New publisher impl registered: p2mq.
2013-11-09 11:33:48.457;cgate.env;;New listener impl registered: p2repl.
2013-11-09 11:33:48.457;cgate.env;;New listener impl registered: p2mqreply.
2013-11-09 11:33:48.457;cgate.env;;New listener impl registered: p2ordbook.
2013-11-09 11:33:48.457;cgate.env;;New conn impl registered: timer.
2013-11-09 11:33:48.457;cgate.env;;New listener impl registered: interval_timer.
2013-11-09 11:33:48.457;cgate.env;;New listener impl registered: cron_timer.
2013-11-09 11:33:48.457;cgate.user;;Cgate version: 1.3.4
2013-11-09 11:33:48.457;cgate.user;;OS version: Linux 3.11.0-12-generic #19-Ubuntu SMP Wed Oct 9 16:20:46 UTC 2013 x86_64
2013-11-09 11:33:48.457;cgate.user;;P2 version: 196.0.
2013-11-09 11:33:48.457;cgate.user;;Current work path: /home/dima/workspace/trading-plaza2/trading.app.adapter.plaza2
2013-11-09 11:33:48.457;cgate.user;;Cgate Java version: 1.3.4
2013-11-09 11:33:48.457;cgate.user;;cg_conn_new settings: p2tcp://127.0.0.1:4001;app_name=plaza2_client
2013-11-09 11:33:48.457;cgate.env;;New logger was registered: cgate.connection.p2.
2013-11-09 11:33:48.457;cgate.env;;Registered default p2 logger cgate.connection.p2.
2013-11-09 11:33:48.457;cgate.connection.p2;;init: connection init. Connection settings: p2tcp://127.0.0.1:4001;app_name=plaza2_client;name=noname1 @cee{name: , obj: 0x7FBA00127D30, thread: 8253}
2013-11-09 11:33:48.457;cgate.env;;New connection was registered: noname1.
2013-11-09 11:33:48.478;cgate.connection.p2;;Close @cee{name: noname1, obj: 0x7FBA00127D30, thread: 8253}
2013-11-09 11:33:48.478;cgate.connection.p2;;done: connection done. @cee{name: noname1, obj: 0x7FBA00127D30, thread: 8253}
2013-11-09 11:33:48.478;cgate.connection.p2;;Close @cee{name: noname1, obj: 0x7FBA00127D30, thread: 8253}
2013-11-09 11:33:48.478;cgate.env;;Logger was unregistered: 0x7FBA00126810.
2013-11-09 11:33:48.478;cgate.env;;Logger ref count after release: 0x0.
2013-11-09 11:33:48.478;cgate.env;;Connection was unregistered: 0x7FBA00127D50.
2013-11-09 11:33:48.479;p2repl-cli;;Client replication library stopped
2013-11-09 11:33:48.479;p2mq-cli;;MQ library stopped
